f:\vs2015\dshomework2\dshomework2\debug\vc140.pdb
f:\vs2015\dshomework2\dshomework2\debug\vc140.idb
f:\vs2015\dshomework2\dshomework2\debug\dshomework2.obj
f:\vs2015\dshomework2\dshomework2\debug\linklist.obj
f:\vs2015\dshomework2\dshomework2\debug\linknode.obj
f:\vs2015\dshomework2\debug\dshomework2.pdb
f:\vs2015\dshomework2\dshomework2\debug\dshomework2.tlog\cl.command.1.tlog
f:\vs2015\dshomework2\dshomework2\debug\dshomework2.tlog\cl.read.1.tlog
f:\vs2015\dshomework2\dshomework2\debug\dshomework2.tlog\cl.write.1.tlog
f:\vs2015\dshomework2\dshomework2\debug\dshomework2.tlog\link-cvtres.read.1.tlog
f:\vs2015\dshomework2\dshomework2\debug\dshomework2.tlog\link-cvtres.write.1.tlog
f:\vs2015\dshomework2\dshomework2\debug\dshomework2.tlog\link-rc.read.1.tlog
f:\vs2015\dshomework2\dshomework2\debug\dshomework2.tlog\link-rc.write.1.tlog
f:\vs2015\dshomework2\dshomework2\debug\dshomework2.tlog\link.15652-cvtres.read.1.tlog
f:\vs2015\dshomework2\dshomework2\debug\dshomework2.tlog\link.15652-cvtres.write.1.tlog
f:\vs2015\dshomework2\dshomework2\debug\dshomework2.tlog\link.15652-rc.read.1.tlog
f:\vs2015\dshomework2\dshomework2\debug\dshomework2.tlog\link.15652-rc.write.1.tlog
f:\vs2015\dshomework2\dshomework2\debug\dshomework2.tlog\link.15652.read.1.tlog
f:\vs2015\dshomework2\dshomework2\debug\dshomework2.tlog\link.15652.write.1.tlog
f:\vs2015\dshomework2\dshomework2\debug\dshomework2.tlog\link.command.1.tlog
f:\vs2015\dshomework2\dshomework2\debug\dshomework2.tlog\link.read.1.tlog
f:\vs2015\dshomework2\dshomework2\debug\dshomework2.tlog\link.write.1.tlog
